05:16:00 [App     ] Build date: Jun  2 2021, 10:29:01
05:16:00 [App     ] CPU: 11th Gen Intel(R) Core(TM) i7-1165G7 @ 2.80GHz (8 cores)
05:16:00 [App     ] RAM: 7.47GB Physical Memory 2.00GB Virtual Memory
05:16:00 [App     ] OS: Linux 5.8.0-53-generic (x86_64)
05:16:00 [App     ] SSE & AVX compatible CPU & OS detected
05:16:00 [App     ] Command line: scene_dense_mesh.mvs --scales 2 -w /00_work/01_data/slam/VID_20210603_134846/slamout/mvs
05:16:00 [App     ] Scene loaded (3ms):
	24 images (24 calibrated) with a total of 21.09 MPixels (0.88 MPixels/image)
	0 points, 1770 vertices, 3536 faces
05:16:01 [App     ] Cleaned mesh: 1162 vertices, 2320 faces (6ms)
05:16:01 [App     ] Cleaned mesh: 1162 vertices, 2320 faces (2ms)
05:16:01 [App     ] Cleaned mesh: 1251 vertices, 2498 faces (2ms)
05:16:01 [App     ] Mesh subdivided: 1162/2320 -> 1251/2498 vertices/faces
05:16:01 [App     ] 	 1. f: 0.16712 (1.3359e-04)	g: 0.07818 (6.2496e-05 - 1.7487e-03)	s: 0.500	v:     0
05:16:01 [App     ] 	 2. f: 0.15931 (1.2734e-04)	g: 0.06943 (5.5500e-05 - 1.5530e-03)	s: 0.490	v:     0
05:16:01 [App     ] 	 3. f: 0.15317 (1.2244e-04)	g: 0.06230 (4.9804e-05 - 1.3943e-03)	s: 0.480	v:     0
05:16:01 [App     ] 	 4. f: 0.14819 (1.1846e-04)	g: 0.05640 (4.5080e-05 - 1.2625e-03)	s: 0.471	v:     0
05:16:01 [App     ] 	 5. f: 0.14415 (1.1523e-04)	g: 0.05157 (4.1220e-05 - 1.1551e-03)	s: 0.461	v:     0
05:16:01 [App     ] 	 6. f: 0.14079 (1.1254e-04)	g: 0.04756 (3.8016e-05 - 1.0668e-03)	s: 0.452	v:     0
05:16:01 [App     ] 	 7. f: 0.13790 (1.1023e-04)	g: 0.04415 (3.5289e-05 - 9.9323e-04)	s: 0.443	v:     0
05:16:01 [App     ] 	 8. f: 0.13547 (1.0829e-04)	g: 0.04121 (3.2945e-05 - 9.3093e-04)	s: 0.434	v:     0
05:16:01 [App     ] 	 9. f: 0.13338 (1.0662e-04)	g: 0.03863 (3.0879e-05 - 8.7679e-04)	s: 0.425	v:     0
05:16:01 [App     ] 	10. f: 0.13156 (1.0516e-04)	g: 0.03638 (2.9078e-05 - 8.2971e-04)	s: 0.417	v:     0
05:16:01 [App     ] 	11. f: 0.12997 (1.0389e-04)	g: 0.03451 (2.7587e-05 - 7.8987e-04)	s: 0.409	v:     0
05:16:01 [App     ] 	12. f: 0.12855 (1.0276e-04)	g: 0.03287 (2.6276e-05 - 7.5473e-04)	s: 0.400	v:     0
05:16:01 [App     ] 	13. f: 0.12728 (1.0175e-04)	g: 0.03145 (2.5139e-05 - 7.2383e-04)	s: 0.392	v:     0
05:16:01 [App     ] 	14. f: 0.12615 (1.0084e-04)	g: 0.03024 (2.4174e-05 - 6.9672e-04)	s: 0.385	v:     0
05:16:01 [App     ] 	15. f: 0.12513 (1.0002e-04)	g: 0.02927 (2.3397e-05 - 6.7409e-04)	s: 0.377	v:     0
05:16:01 [App     ] 	16. f: 0.12419 (9.9272e-05)	g: 0.02832 (2.2637e-05 - 6.5180e-04)	s: 0.369	v:     0
05:16:01 [App     ] 	17. f: 0.12333 (9.8586e-05)	g: 0.02719 (2.1732e-05 - 6.3056e-04)	s: 0.362	v:     0
05:16:01 [App     ] 	18. f: 0.12254 (9.7952e-05)	g: 0.02620 (2.0947e-05 - 6.1135e-04)	s: 0.355	v:     0
05:16:01 [App     ] 	19. f: 0.12180 (9.7361e-05)	g: 0.02545 (2.0345e-05 - 5.9494e-04)	s: 0.348	v:     0
05:16:01 [App     ] 	20. f: 0.12111 (9.6813e-05)	g: 0.02477 (1.9803e-05 - 5.8002e-04)	s: 0.341	v:     0
05:16:02 [App     ] 	21. f: 0.12048 (9.6304e-05)	g: 0.02416 (1.9312e-05 - 5.6629e-04)	s: 0.334	v:     0
05:16:02 [App     ] 	22. f: 0.11988 (9.5825e-05)	g: 0.02361 (1.8876e-05 - 5.5390e-04)	s: 0.327	v:     0
05:16:02 [App     ] 	23. f: 0.11932 (9.5377e-05)	g: 0.02315 (1.8501e-05 - 5.4323e-04)	s: 0.321	v:     0
05:16:02 [App     ] 	24. f: 0.11880 (9.4962e-05)	g: 0.02266 (1.8117e-05 - 5.3228e-04)	s: 0.314	v:     0
05:16:02 [App     ] 	25. f: 0.11830 (9.4565e-05)	g: 0.02225 (1.7788e-05 - 5.2288e-04)	s: 0.308	v:     0
05:16:02 [App     ] 	26. f: 0.11784 (9.4195e-05)	g: 0.02187 (1.7479e-05 - 5.1396e-04)	s: 0.302	v:     0
05:16:02 [App     ] 	27. f: 0.11740 (9.3848e-05)	g: 0.02151 (1.7193e-05 - 5.0533e-04)	s: 0.296	v:     0
05:16:02 [App     ] 	28. f: 0.11699 (9.3518e-05)	g: 0.02117 (1.6924e-05 - 4.9739e-04)	s: 0.290	v:     0
05:16:02 [App     ] 	29. f: 0.11659 (9.3200e-05)	g: 0.02089 (1.6698e-05 - 4.9056e-04)	s: 0.284	v:     0
05:16:02 [App     ] 	30. f: 0.11622 (9.2902e-05)	g: 0.02060 (1.6465e-05 - 4.8353e-04)	s: 0.278	v:     0
05:16:02 [App     ] 	31. f: 0.11587 (9.2620e-05)	g: 0.02032 (1.6243e-05 - 4.7692e-04)	s: 0.273	v:     0
05:16:02 [App     ] 	32. f: 0.11553 (9.2351e-05)	g: 0.02005 (1.6029e-05 - 4.7025e-04)	s: 0.267	v:     0
05:16:02 [App     ] 	33. f: 0.11522 (9.2101e-05)	g: 0.01694 (1.3541e-05 - 3.9524e-04)	s: 0.262	v:     0
05:16:02 [App     ] 	34. f: 0.11498 (9.1908e-05)	g: 0.01674 (1.3385e-05 - 3.9003e-04)	s: 0.257	v:     0
05:16:02 [App     ] 	35. f: 0.11475 (9.1728e-05)	g: 0.01658 (1.3257e-05 - 3.8553e-04)	s: 0.252	v:     0
05:16:02 [App     ] 	36. f: 0.11454 (9.1558e-05)	g: 0.01642 (1.3129e-05 - 3.8119e-04)	s: 0.247	v:     0
05:16:02 [App     ] 	37. f: 0.11434 (9.1397e-05)	g: 0.01625 (1.2989e-05 - 3.7658e-04)	s: 0.242	v:     0
05:16:02 [App     ] 	38. f: 0.11415 (9.1244e-05)	g: 0.01610 (1.2867e-05 - 3.7230e-04)	s: 0.237	v:     0
05:16:02 [App     ] 	39. f: 0.11396 (9.1092e-05)	g: 0.01594 (1.2740e-05 - 3.6801e-04)	s: 0.232	v:     0
05:16:02 [App     ] 	40. f: 0.11377 (9.0945e-05)	g: 0.01578 (1.2613e-05 - 3.6385e-04)	s: 0.227	v:     0
05:16:02 [App     ] 	41. f: 0.11360 (9.0807e-05)	g: 0.01565 (1.2507e-05 - 3.6004e-04)	s: 0.223	v:     0
05:16:02 [App     ] 	42. f: 0.11344 (9.0677e-05)	g: 0.01550 (1.2393e-05 - 3.5596e-04)	s: 0.218	v:     0
05:16:02 [App     ] 	43. f: 0.11328 (9.0550e-05)	g: 0.01538 (1.2292e-05 - 3.5247e-04)	s: 0.214	v:     0
05:16:02 [App     ] 	44. f: 0.11313 (9.0434e-05)	g: 0.01527 (1.2205e-05 - 3.4942e-04)	s: 0.210	v:     0
05:16:03 [App     ] 	45. f: 0.11299 (9.0321e-05)	g: 0.01517 (1.2127e-05 - 3.4662e-04)	s: 0.206	v:     0
05:16:03 [App     ] Mesh subdivided: 1251/2498 -> 2047/4090 vertices/faces
05:16:03 [App     ] 	 1. f: 0.15754 (7.6959e-05)	g: 0.05667 (2.7685e-05 - 8.9001e-04)	s: 0.500	v:     0
05:16:03 [App     ] 	 2. f: 0.14960 (7.3082e-05)	g: 0.04911 (2.3990e-05 - 7.8301e-04)	s: 0.490	v:     0
05:16:03 [App     ] 	 3. f: 0.14324 (6.9976e-05)	g: 0.04294 (2.0979e-05 - 6.9585e-04)	s: 0.480	v:     0
05:16:03 [App     ] 	 4. f: 0.13812 (6.7473e-05)	g: 0.03796 (1.8545e-05 - 6.2507e-04)	s: 0.471	v:     0
05:16:03 [App     ] 	 5. f: 0.13398 (6.5453e-05)	g: 0.03392 (1.6569e-05 - 5.6723e-04)	s: 0.461	v:     0
05:16:04 [App     ] 	 6. f: 0.13069 (6.3845e-05)	g: 0.03065 (1.4975e-05 - 5.2019e-04)	s: 0.452	v:     0
05:16:04 [App     ] 	 7. f: 0.12794 (6.2499e-05)	g: 0.02794 (1.3649e-05 - 4.8018e-04)	s: 0.443	v:     0
05:16:04 [App     ] 	 8. f: 0.12569 (6.1400e-05)	g: 0.02569 (1.2552e-05 - 4.4643e-04)	s: 0.434	v:     0
05:16:04 [App     ] 	 9. f: 0.12383 (6.0492e-05)	g: 0.02385 (1.1649e-05 - 4.1790e-04)	s: 0.425	v:     0
05:16:04 [App     ] 	10. f: 0.12227 (5.9732e-05)	g: 0.02230 (1.0896e-05 - 3.9353e-04)	s: 0.417	v:     0
05:16:04 [App     ] 	11. f: 0.12101 (5.9114e-05)	g: 0.02103 (1.0274e-05 - 3.7294e-04)	s: 0.409	v:     0
05:16:05 [App     ] 	12. f: 0.11991 (5.8580e-05)	g: 0.01996 (9.7486e-06 - 3.5496e-04)	s: 0.400	v:     0
05:16:05 [App     ] 	13. f: 0.11898 (5.8122e-05)	g: 0.01905 (9.3052e-06 - 3.3941e-04)	s: 0.392	v:     0
05:16:05 [App     ] 	14. f: 0.11817 (5.7729e-05)	g: 0.01827 (8.9239e-06 - 3.2579e-04)	s: 0.385	v:     0
05:16:05 [App     ] 	15. f: 0.11747 (5.7386e-05)	g: 0.01759 (8.5952e-06 - 3.1369e-04)	s: 0.377	v:     0
05:16:05 [App     ] 	16. f: 0.11686 (5.7086e-05)	g: 0.01702 (8.3149e-06 - 3.0316e-04)	s: 0.369	v:     0
05:16:05 [App     ] 	17. f: 0.11631 (5.6822e-05)	g: 0.01396 (6.8211e-06 - 2.5309e-04)	s: 0.362	v:     0
05:16:06 [App     ] 	18. f: 0.11593 (5.6636e-05)	g: 0.01351 (6.5975e-06 - 2.4530e-04)	s: 0.355	v:     0
05:16:06 [App     ] 	19. f: 0.11556 (5.6452e-05)	g: 0.01309 (6.3937e-06 - 2.3796e-04)	s: 0.348	v:     0
05:16:06 [App     ] 	20. f: 0.11524 (5.6298e-05)	g: 0.01273 (6.2208e-06 - 2.3163e-04)	s: 0.341	v:     0
05:16:06 [App     ] 	21. f: 0.11496 (5.6160e-05)	g: 0.01242 (6.0687e-06 - 2.2596e-04)	s: 0.334	v:     0
05:16:06 [App     ] 	22. f: 0.11470 (5.6035e-05)	g: 0.01213 (5.9242e-06 - 2.2054e-04)	s: 0.327	v:     0
05:16:06 [App     ] Mesh refinement completed: 2047 vertices, 4090 faces (5s763ms)
05:16:06 [App     ] Scene saved (2ms):
	24 images (24 calibrated)
	0 points, 2047 vertices, 4090 faces
05:16:06 [App     ] Mesh saved: 2047 vertices, 4090 faces (1ms)
05:16:06 [App     ] MEMORYINFO: {
05:16:06 [App     ] 	VmPeak:	 2191000 kB
05:16:06 [App     ] 	VmSize:	 1660488 kB
05:16:06 [App     ] } ENDINFO
