10:18:26 [App     ] Build date: Jun  2 2021, 10:29:01
10:18:26 [App     ] CPU: 11th Gen Intel(R) Core(TM) i7-1165G7 @ 2.80GHz (8 cores)
10:18:26 [App     ] RAM: 7.47GB Physical Memory 2.00GB Virtual Memory
10:18:26 [App     ] OS: Linux 5.8.0-53-generic (x86_64)
10:18:26 [App     ] SSE & AVX compatible CPU & OS detected
10:18:26 [App     ] Command line: scene_dense_mesh.mvs --scales 2 -w /00_work/01_data/slam/VID_20210603_134846/slamout/mvs
10:18:26 [App     ] Scene loaded (31ms):
	148 images (148 calibrated) with a total of 130.08 MPixels (0.88 MPixels/image)
	0 points, 17808 vertices, 35584 faces
10:18:27 [App     ] Cleaned mesh: 3351 vertices, 6671 faces (122ms)
10:18:27 [App     ] Cleaned mesh: 3351 vertices, 6671 faces (16ms)
10:18:27 [App     ] Cleaned mesh: 2767 vertices, 5479 faces (5ms)
10:18:27 [App     ] Mesh subdivided: 3351/6671 -> 2767/5479 vertices/faces
10:18:28 [App     ] 	 1. f: 7.29170 (2.6352e-03)	g: 0.10500 (3.7948e-05 - 1.5412e-03)	s: 0.500	v:     0
10:18:29 [App     ] 	 2. f: 7.25700 (2.6227e-03)	g: 0.09461 (3.4192e-05 - 1.3797e-03)	s: 0.490	v:     0
10:18:29 [App     ] 	 3. f: 7.22923 (2.6127e-03)	g: 0.08588 (3.1038e-05 - 1.2472e-03)	s: 0.480	v:     0
10:18:30 [App     ] 	 4. f: 7.19950 (2.6019e-03)	g: 0.07798 (2.8182e-05 - 1.1348e-03)	s: 0.471	v:     0
10:18:31 [App     ] 	 5. f: 7.17594 (2.5934e-03)	g: 0.07131 (2.5772e-05 - 1.0416e-03)	s: 0.461	v:     0
10:18:31 [App     ] 	 6. f: 7.15737 (2.5867e-03)	g: 0.06592 (2.3825e-05 - 9.6484e-04)	s: 0.452	v:     0
10:18:32 [App     ] 	 7. f: 7.14700 (2.5829e-03)	g: 0.06135 (2.2172e-05 - 9.0045e-04)	s: 0.443	v:     0
10:18:33 [App     ] 	 8. f: 7.13395 (2.5782e-03)	g: 0.05765 (2.0836e-05 - 8.4686e-04)	s: 0.434	v:     0
10:18:33 [App     ] 	 9. f: 7.12269 (2.5742e-03)	g: 0.05443 (1.9670e-05 - 8.0101e-04)	s: 0.425	v:     0
10:18:34 [App     ] 	10. f: 7.10974 (2.5695e-03)	g: 0.05167 (1.8675e-05 - 7.6136e-04)	s: 0.417	v:     0
10:18:35 [App     ] 	11. f: 7.09853 (2.5654e-03)	g: 0.04933 (1.7826e-05 - 7.2708e-04)	s: 0.409	v:     0
10:18:35 [App     ] 	12. f: 7.08865 (2.5619e-03)	g: 0.04718 (1.7049e-05 - 6.9642e-04)	s: 0.400	v:     0
10:18:36 [App     ] 	13. f: 7.07921 (2.5584e-03)	g: 0.04533 (1.6383e-05 - 6.6995e-04)	s: 0.392	v:     0
10:18:37 [App     ] 	14. f: 7.07052 (2.5553e-03)	g: 0.04374 (1.5806e-05 - 6.4677e-04)	s: 0.385	v:     0
10:18:37 [App     ] 	15. f: 7.06687 (2.5540e-03)	g: 0.04224 (1.5267e-05 - 6.2549e-04)	s: 0.377	v:     0
10:18:38 [App     ] 	16. f: 7.05693 (2.5504e-03)	g: 0.04095 (1.4798e-05 - 6.0692e-04)	s: 0.369	v:     0
10:18:39 [App     ] 	17. f: 7.04991 (2.5479e-03)	g: 0.03958 (1.4304e-05 - 5.8887e-04)	s: 0.362	v:     0
10:18:39 [App     ] 	18. f: 7.04427 (2.5458e-03)	g: 0.03828 (1.3833e-05 - 5.7228e-04)	s: 0.355	v:     0
10:18:40 [App     ] 	19. f: 7.03781 (2.5435e-03)	g: 0.03721 (1.3446e-05 - 5.5750e-04)	s: 0.348	v:     0
10:18:41 [App     ] 	20. f: 7.03217 (2.5414e-03)	g: 0.03622 (1.3090e-05 - 5.4403e-04)	s: 0.341	v:     0
10:18:41 [App     ] 	21. f: 7.02768 (2.5398e-03)	g: 0.03535 (1.2776e-05 - 5.3159e-04)	s: 0.334	v:     0
10:18:42 [App     ] 	22. f: 7.02301 (2.5381e-03)	g: 0.03456 (1.2492e-05 - 5.2023e-04)	s: 0.327	v:     0
10:18:43 [App     ] 	23. f: 7.02170 (2.5377e-03)	g: 0.03370 (1.2179e-05 - 5.0972e-04)	s: 0.321	v:     0
10:18:43 [App     ] 	24. f: 7.01752 (2.5361e-03)	g: 0.03305 (1.1945e-05 - 5.0021e-04)	s: 0.314	v:     0
10:18:44 [App     ] 	25. f: 7.01379 (2.5348e-03)	g: 0.03247 (1.1733e-05 - 4.9142e-04)	s: 0.308	v:     0
10:18:45 [App     ] 	26. f: 7.01206 (2.5342e-03)	g: 0.03197 (1.1553e-05 - 4.8299e-04)	s: 0.302	v:     0
10:18:45 [App     ] 	27. f: 7.00850 (2.5329e-03)	g: 0.03143 (1.1358e-05 - 4.7497e-04)	s: 0.296	v:     0
10:18:46 [App     ] 	28. f: 7.00487 (2.5316e-03)	g: 0.03094 (1.1183e-05 - 4.6750e-04)	s: 0.290	v:     0
10:18:47 [App     ] 	29. f: 7.00150 (2.5304e-03)	g: 0.03054 (1.1038e-05 - 4.6076e-04)	s: 0.284	v:     0
10:18:47 [App     ] 	30. f: 6.99997 (2.5298e-03)	g: 0.03007 (1.0866e-05 - 4.5416e-04)	s: 0.278	v:     0
10:18:48 [App     ] 	31. f: 6.99829 (2.5292e-03)	g: 0.02966 (1.0721e-05 - 4.4808e-04)	s: 0.273	v:     0
10:18:49 [App     ] 	32. f: 6.99557 (2.5282e-03)	g: 0.02922 (1.0561e-05 - 4.4207e-04)	s: 0.267	v:     0
10:18:49 [App     ] 	33. f: 6.99285 (2.5272e-03)	g: 0.02588 (9.3537e-06 - 3.8210e-04)	s: 0.262	v:     0
10:18:50 [App     ] 	34. f: 6.99030 (2.5263e-03)	g: 0.02554 (9.2293e-06 - 3.7719e-04)	s: 0.257	v:     0
10:18:51 [App     ] 	35. f: 6.98708 (2.5251e-03)	g: 0.02518 (9.1008e-06 - 3.7266e-04)	s: 0.252	v:     0
10:18:51 [App     ] 	36. f: 6.98506 (2.5244e-03)	g: 0.02479 (8.9587e-06 - 3.6818e-04)	s: 0.247	v:     0
10:18:52 [App     ] 	37. f: 6.98317 (2.5237e-03)	g: 0.02444 (8.8334e-06 - 3.6383e-04)	s: 0.242	v:     0
10:18:53 [App     ] 	38. f: 6.98121 (2.5230e-03)	g: 0.02421 (8.7497e-06 - 3.6000e-04)	s: 0.237	v:     0
10:18:53 [App     ] 	39. f: 6.97904 (2.5222e-03)	g: 0.02392 (8.6445e-06 - 3.5613e-04)	s: 0.232	v:     0
10:18:54 [App     ] 	40. f: 6.97687 (2.5215e-03)	g: 0.02366 (8.5515e-06 - 3.5250e-04)	s: 0.227	v:     0
10:18:55 [App     ] 	41. f: 6.97561 (2.5210e-03)	g: 0.02345 (8.4738e-06 - 3.4908e-04)	s: 0.223	v:     0
10:18:55 [App     ] 	42. f: 6.97339 (2.5202e-03)	g: 0.02323 (8.3965e-06 - 3.4597e-04)	s: 0.218	v:     0
10:18:56 [App     ] 	43. f: 6.97154 (2.5195e-03)	g: 0.02300 (8.3125e-06 - 3.4283e-04)	s: 0.214	v:     0
10:18:57 [App     ] 	44. f: 6.97183 (2.5196e-03)	g: 0.02263 (8.1797e-06 - 3.3945e-04)	s: 0.210	v:     0
10:18:57 [App     ] 	45. f: 6.97069 (2.5192e-03)	g: 0.02239 (8.0932e-06 - 3.3639e-04)	s: 0.206	v:     0
10:18:58 [App     ] Mesh subdivided: 2767/5479 -> 4242/8390 vertices/faces
10:19:01 [App     ] 	 1. f: 8.87558 (2.0923e-03)	g: 0.09904 (2.3347e-05 - 1.1049e-03)	s: 0.500	v:     0
10:19:04 [App     ] 	 2. f: 8.85018 (2.0863e-03)	g: 0.08583 (2.0232e-05 - 9.6781e-04)	s: 0.490	v:     0
10:19:06 [App     ] 	 3. f: 8.83048 (2.0817e-03)	g: 0.07498 (1.7675e-05 - 8.5540e-04)	s: 0.480	v:     0
10:19:09 [App     ] 	 4. f: 8.81306 (2.0776e-03)	g: 0.06603 (1.5565e-05 - 7.6264e-04)	s: 0.471	v:     0
10:19:12 [App     ] 	 5. f: 8.79836 (2.0741e-03)	g: 0.05862 (1.3820e-05 - 6.8555e-04)	s: 0.461	v:     0
10:19:14 [App     ] 	 6. f: 8.78598 (2.0712e-03)	g: 0.05249 (1.2374e-05 - 6.2133e-04)	s: 0.452	v:     0
10:19:17 [App     ] 	 7. f: 8.77509 (2.0686e-03)	g: 0.04740 (1.1173e-05 - 5.6741e-04)	s: 0.443	v:     0
10:19:20 [App     ] 	 8. f: 8.76594 (2.0665e-03)	g: 0.04314 (1.0171e-05 - 5.2179e-04)	s: 0.434	v:     0
10:19:23 [App     ] 	 9. f: 8.75912 (2.0649e-03)	g: 0.03957 (9.3276e-06 - 4.8302e-04)	s: 0.425	v:     0
10:19:25 [App     ] 	10. f: 8.75286 (2.0634e-03)	g: 0.03657 (8.6206e-06 - 4.4978e-04)	s: 0.417	v:     0
10:19:28 [App     ] 	11. f: 8.74777 (2.0622e-03)	g: 0.03403 (8.0219e-06 - 4.2133e-04)	s: 0.409	v:     0
10:19:31 [App     ] 	12. f: 8.74288 (2.0610e-03)	g: 0.03189 (7.5185e-06 - 3.9694e-04)	s: 0.400	v:     0
10:19:33 [App     ] 	13. f: 8.73903 (2.0601e-03)	g: 0.03005 (7.0837e-06 - 3.7564e-04)	s: 0.392	v:     0
10:19:36 [App     ] 	14. f: 8.73541 (2.0593e-03)	g: 0.02850 (6.7191e-06 - 3.5736e-04)	s: 0.385	v:     0
10:19:39 [App     ] 	15. f: 8.73284 (2.0587e-03)	g: 0.02717 (6.4057e-06 - 3.4138e-04)	s: 0.377	v:     0
10:19:41 [App     ] 	16. f: 8.73014 (2.0580e-03)	g: 0.02600 (6.1285e-06 - 3.2724e-04)	s: 0.369	v:     0
10:19:44 [App     ] 	17. f: 8.72913 (2.0578e-03)	g: 0.02286 (5.3892e-06 - 2.8734e-04)	s: 0.362	v:     0
10:19:47 [App     ] 	18. f: 8.72671 (2.0572e-03)	g: 0.02193 (5.1698e-06 - 2.7630e-04)	s: 0.355	v:     0
10:19:50 [App     ] 	19. f: 8.72457 (2.0567e-03)	g: 0.02113 (4.9810e-06 - 2.6664e-04)	s: 0.348	v:     0
10:19:52 [App     ] 	20. f: 8.72289 (2.0563e-03)	g: 0.02042 (4.8132e-06 - 2.5796e-04)	s: 0.341	v:     0
10:19:55 [App     ] 	21. f: 8.72129 (2.0559e-03)	g: 0.01979 (4.6647e-06 - 2.5025e-04)	s: 0.334	v:     0
10:19:58 [App     ] 	22. f: 8.71957 (2.0555e-03)	g: 0.01922 (4.5304e-06 - 2.4329e-04)	s: 0.327	v:     0
10:19:58 [App     ] Mesh refinement completed: 4242 vertices, 8390 faces (1m31s947ms)
10:19:58 [App     ] Scene saved (21ms):
	148 images (148 calibrated)
	0 points, 4242 vertices, 8390 faces
10:19:58 [App     ] Mesh saved: 4242 vertices, 8390 faces (1ms)
10:19:58 [App     ] MEMORYINFO: {
10:19:58 [App     ] 	VmPeak:	 6096340 kB
10:19:58 [App     ] 	VmSize:	 3423584 kB
10:19:58 [App     ] } ENDINFO
