10:19:58 [App     ] Build date: Jun  2 2021, 10:29:01
10:19:58 [App     ] CPU: 11th Gen Intel(R) Core(TM) i7-1165G7 @ 2.80GHz (8 cores)
10:19:58 [App     ] RAM: 7.47GB Physical Memory 2.00GB Virtual Memory
10:19:58 [App     ] OS: Linux 5.8.0-53-generic (x86_64)
10:19:58 [App     ] SSE & AVX compatible CPU & OS detected
10:19:58 [App     ] Command line: scene_dense_mesh_refine.mvs --decimate 0.5 -w /00_work/01_data/slam/VID_20210603_134846/slamout/mvs
10:19:58 [App     ] Scene loaded (16ms):
	148 images (148 calibrated) with a total of 130.08 MPixels (0.88 MPixels/image)
	0 points, 4242 vertices, 8390 faces
10:19:58 [App     ] Cleaned mesh: 2125 vertices, 4189 faces (47ms)
10:19:58 [App     ] Cleaned mesh: 2125 vertices, 4189 faces (3ms)
10:20:01 [App     ] Assigning the best view to each face completed: 4189 faces (2s686ms)
10:20:01 [App     ] Generating texture atlas and image completed: 243 patches, 1024 image size (237ms)
10:20:01 [App     ] Mesh texturing completed: 2125 vertices, 4189 faces (2s925ms)
10:20:01 [App     ] Scene saved (169ms):
	148 images (148 calibrated)
	0 points, 2125 vertices, 4189 faces
10:20:01 [App     ] Mesh saved: 2125 vertices, 4189 faces (190ms)
10:20:01 [App     ] MEMORYINFO: {
10:20:01 [App     ] 	VmPeak:	 1524348 kB
10:20:01 [App     ] 	VmSize:	 1394948 kB
10:20:01 [App     ] } ENDINFO
