05:16:06 [App     ] Build date: Jun  2 2021, 10:29:01
05:16:06 [App     ] CPU: 11th Gen Intel(R) Core(TM) i7-1165G7 @ 2.80GHz (8 cores)
05:16:06 [App     ] RAM: 7.47GB Physical Memory 2.00GB Virtual Memory
05:16:06 [App     ] OS: Linux 5.8.0-53-generic (x86_64)
05:16:06 [App     ] SSE & AVX compatible CPU & OS detected
05:16:06 [App     ] Command line: scene_dense_mesh_refine.mvs --decimate 0.5 -w /00_work/01_data/slam/VID_20210603_134846/slamout/mvs
05:16:06 [App     ] Scene loaded (2ms):
	24 images (24 calibrated) with a total of 21.09 MPixels (0.88 MPixels/image)
	0 points, 2047 vertices, 4090 faces
05:16:06 [App     ] Cleaned mesh: 1024 vertices, 2044 faces (17ms)
05:16:06 [App     ] Cleaned mesh: 1024 vertices, 2044 faces (3ms)
05:16:07 [App     ] Assigning the best view to each face completed: 2044 faces (221ms)
05:16:07 [App     ] Generating texture atlas and image completed: 31 patches, 2048 image size (244ms)
05:16:07 [App     ] Mesh texturing completed: 1024 vertices, 2044 faces (467ms)
05:16:07 [App     ] Scene saved (378ms):
	24 images (24 calibrated)
	0 points, 1024 vertices, 2044 faces
05:16:07 [App     ] Mesh saved: 1024 vertices, 2044 faces (304ms)
05:16:07 [App     ] MEMORYINFO: {
05:16:07 [App     ] 	VmPeak:	 1355288 kB
05:16:07 [App     ] 	VmSize:	 1102584 kB
05:16:07 [App     ] } ENDINFO
