07:03:16 [App     ] Build date: Jun  2 2021, 10:29:01
07:03:16 [App     ] CPU: 11th Gen Intel(R) Core(TM) i7-1165G7 @ 2.80GHz (8 cores)
07:03:16 [App     ] RAM: 7.47GB Physical Memory 2.00GB Virtual Memory
07:03:16 [App     ] OS: Linux 5.8.0-53-generic (x86_64)
07:03:16 [App     ] SSE & AVX compatible CPU & OS detected
07:03:16 [App     ] Command line: scene_dense.mvs -w /00_work/01_data/slam/VID_20210603_134846/slamout/mvs
07:03:16 [App     ] Scene loaded (62ms):
	51 images (51 calibrated) with a total of 11.21 MPixels (0.22 MPixels/image)
	43793 points, 0 vertices, 0 faces
07:03:16 [App     ] Delaunay tetrahedralization completed: 43793 points -> 27819 vertices, 173916 (+172) cells, 347918 (+258) faces (205ms)
07:03:16 [App     ] Delaunay tetrahedras weighting completed: 174088 cells, 348176 faces (177ms)
07:03:16 [App     ] Delaunay tetrahedras graph-cut completed (23854.8 flow): 22692 vertices, 45435 faces (220ms)
07:03:17 [App     ] Mesh reconstruction completed: 22707 vertices, 45399 faces (775ms)
07:03:17 [App     ] Cleaned mesh: 22700 vertices, 45368 faces (85ms)
07:03:17 [App     ] Cleaned mesh: 22700 vertices, 45368 faces (49ms)
07:03:17 [App     ] Cleaned mesh: 22700 vertices, 45368 faces (33ms)
07:03:17 [App     ] Scene saved (36ms):
	51 images (51 calibrated)
	0 points, 22700 vertices, 45368 faces
07:03:17 [App     ] Mesh saved: 22700 vertices, 45368 faces (3ms)
07:03:17 [App     ] MEMORYINFO: {
07:03:17 [App     ] 	VmPeak:	 1228616 kB
07:03:17 [App     ] 	VmSize:	 1045284 kB
07:03:17 [App     ] } ENDINFO
