07:03:17 [App     ] Build date: Jun  2 2021, 10:29:01
07:03:17 [App     ] CPU: 11th Gen Intel(R) Core(TM) i7-1165G7 @ 2.80GHz (8 cores)
07:03:17 [App     ] RAM: 7.47GB Physical Memory 2.00GB Virtual Memory
07:03:17 [App     ] OS: Linux 5.8.0-53-generic (x86_64)
07:03:17 [App     ] SSE & AVX compatible CPU & OS detected
07:03:17 [App     ] Command line: scene_dense_mesh.mvs --scales 2 -w /00_work/01_data/slam/VID_20210603_134846/slamout/mvs
07:03:17 [App     ] Scene loaded (65ms):
	51 images (51 calibrated) with a total of 44.82 MPixels (0.88 MPixels/image)
	0 points, 22700 vertices, 45368 faces
07:03:17 [App     ] Cleaned mesh: 2284 vertices, 4536 faces (169ms)
07:03:17 [App     ] Cleaned mesh: 2284 vertices, 4536 faces (4ms)
07:03:18 [App     ] Cleaned mesh: 2068 vertices, 4089 faces (3ms)
07:03:18 [App     ] Mesh subdivided: 2284/4536 -> 2068/4089 vertices/faces
07:03:18 [App     ] 	 1. f: 0.18053 (8.7295e-05)	g: 0.04504 (2.1780e-05 - 8.0972e-04)	s: 0.500	v:     0
07:03:18 [App     ] 	 2. f: 0.17411 (8.4192e-05)	g: 0.03823 (1.8486e-05 - 7.0398e-04)	s: 0.490	v:     0
07:03:18 [App     ] 	 3. f: 0.16890 (8.1674e-05)	g: 0.03367 (1.6282e-05 - 6.2586e-04)	s: 0.480	v:     0
07:03:18 [App     ] 	 4. f: 0.16467 (7.9626e-05)	g: 0.03017 (1.4589e-05 - 5.6219e-04)	s: 0.471	v:     0
07:03:18 [App     ] 	 5. f: 0.16119 (7.7944e-05)	g: 0.02743 (1.3263e-05 - 5.1059e-04)	s: 0.461	v:     0
07:03:18 [App     ] 	 6. f: 0.15820 (7.6498e-05)	g: 0.02512 (1.2145e-05 - 4.6573e-04)	s: 0.452	v:     0
07:03:18 [App     ] 	 7. f: 0.15579 (7.5333e-05)	g: 0.02302 (1.1130e-05 - 4.2860e-04)	s: 0.443	v:     0
07:03:18 [App     ] 	 8. f: 0.15376 (7.4350e-05)	g: 0.02144 (1.0366e-05 - 3.9827e-04)	s: 0.434	v:     0
07:03:19 [App     ] 	 9. f: 0.15203 (7.3517e-05)	g: 0.02003 (9.6836e-06 - 3.7168e-04)	s: 0.425	v:     0
07:03:19 [App     ] 	10. f: 0.15053 (7.2790e-05)	g: 0.01879 (9.0876e-06 - 3.4891e-04)	s: 0.417	v:     0
07:03:19 [App     ] 	11. f: 0.14922 (7.2157e-05)	g: 0.01773 (8.5738e-06 - 3.2918e-04)	s: 0.409	v:     0
07:03:19 [App     ] 	12. f: 0.14807 (7.1600e-05)	g: 0.01681 (8.1273e-06 - 3.1199e-04)	s: 0.400	v:     0
07:03:19 [App     ] 	13. f: 0.14691 (7.1037e-05)	g: 0.01599 (7.7326e-06 - 2.9649e-04)	s: 0.392	v:     0
07:03:19 [App     ] 	14. f: 0.14602 (7.0607e-05)	g: 0.01527 (7.3837e-06 - 2.8321e-04)	s: 0.385	v:     0
07:03:19 [App     ] 	15. f: 0.14520 (7.0211e-05)	g: 0.01460 (7.0613e-06 - 2.7099e-04)	s: 0.377	v:     0
07:03:19 [App     ] 	16. f: 0.14449 (6.9868e-05)	g: 0.01406 (6.7964e-06 - 2.6060e-04)	s: 0.369	v:     0
07:03:19 [App     ] 	17. f: 0.14381 (6.9540e-05)	g: 0.01354 (6.5470e-06 - 2.5087e-04)	s: 0.362	v:     0
07:03:19 [App     ] 	18. f: 0.14320 (6.9245e-05)	g: 0.01311 (6.3410e-06 - 2.4268e-04)	s: 0.355	v:     0
07:03:20 [App     ] 	19. f: 0.14261 (6.8962e-05)	g: 0.01273 (6.1559e-06 - 2.3509e-04)	s: 0.348	v:     0
07:03:20 [App     ] 	20. f: 0.14222 (6.8773e-05)	g: 0.01236 (5.9757e-06 - 2.2809e-04)	s: 0.341	v:     0
07:03:20 [App     ] 	21. f: 0.14175 (6.8545e-05)	g: 0.01204 (5.8244e-06 - 2.2206e-04)	s: 0.334	v:     0
07:03:20 [App     ] 	22. f: 0.14131 (6.8332e-05)	g: 0.01175 (5.6808e-06 - 2.1631e-04)	s: 0.327	v:     0
07:03:20 [App     ] 	23. f: 0.14089 (6.8129e-05)	g: 0.01150 (5.5588e-06 - 2.1112e-04)	s: 0.321	v:     0
07:03:20 [App     ] 	24. f: 0.14051 (6.7946e-05)	g: 0.01128 (5.4531e-06 - 2.0664e-04)	s: 0.314	v:     0
07:03:20 [App     ] 	25. f: 0.14012 (6.7756e-05)	g: 0.01107 (5.3546e-06 - 2.0230e-04)	s: 0.308	v:     0
07:03:20 [App     ] 	26. f: 0.13977 (6.7588e-05)	g: 0.01088 (5.2627e-06 - 1.9852e-04)	s: 0.302	v:     0
07:03:20 [App     ] 	27. f: 0.13945 (6.7433e-05)	g: 0.01069 (5.1697e-06 - 1.9454e-04)	s: 0.296	v:     0
07:03:21 [App     ] 	28. f: 0.13915 (6.7287e-05)	g: 0.01051 (5.0816e-06 - 1.9106e-04)	s: 0.290	v:     0
07:03:21 [App     ] 	29. f: 0.13892 (6.7177e-05)	g: 0.01036 (5.0096e-06 - 1.8794e-04)	s: 0.284	v:     0
07:03:21 [App     ] 	30. f: 0.13864 (6.7042e-05)	g: 0.01021 (4.9393e-06 - 1.8500e-04)	s: 0.278	v:     0
07:03:21 [App     ] 	31. f: 0.13838 (6.6916e-05)	g: 0.01007 (4.8678e-06 - 1.8212e-04)	s: 0.273	v:     0
07:03:21 [App     ] 	32. f: 0.13815 (6.6806e-05)	g: 0.00996 (4.8170e-06 - 1.7986e-04)	s: 0.267	v:     0
07:03:21 [App     ] 	33. f: 0.13791 (6.6686e-05)	g: 0.00924 (4.4676e-06 - 1.6410e-04)	s: 0.262	v:     0
07:03:21 [App     ] 	34. f: 0.13772 (6.6594e-05)	g: 0.00913 (4.4145e-06 - 1.6188e-04)	s: 0.257	v:     0
07:03:21 [App     ] 	35. f: 0.13753 (6.6504e-05)	g: 0.00900 (4.3538e-06 - 1.5955e-04)	s: 0.252	v:     0
07:03:21 [App     ] 	36. f: 0.13734 (6.6414e-05)	g: 0.00890 (4.3041e-06 - 1.5755e-04)	s: 0.247	v:     0
07:03:22 [App     ] 	37. f: 0.13718 (6.6336e-05)	g: 0.00899 (4.3456e-06 - 1.5647e-04)	s: 0.242	v:     0
07:03:22 [App     ] 	38. f: 0.13702 (6.6258e-05)	g: 0.00884 (4.2745e-06 - 1.5461e-04)	s: 0.237	v:     0
07:03:22 [App     ] 	39. f: 0.13688 (6.6191e-05)	g: 0.00872 (4.2177e-06 - 1.5268e-04)	s: 0.232	v:     0
07:03:22 [App     ] 	40. f: 0.13662 (6.6064e-05)	g: 0.00867 (4.1904e-06 - 1.5136e-04)	s: 0.227	v:     0
07:03:22 [App     ] 	41. f: 0.13648 (6.5994e-05)	g: 0.00859 (4.1551e-06 - 1.4992e-04)	s: 0.223	v:     0
07:03:22 [App     ] 	42. f: 0.13635 (6.5933e-05)	g: 0.00856 (4.1390e-06 - 1.4860e-04)	s: 0.218	v:     0
07:03:22 [App     ] 	43. f: 0.13621 (6.5866e-05)	g: 0.00846 (4.0932e-06 - 1.4724e-04)	s: 0.214	v:     0
07:03:22 [App     ] 	44. f: 0.13609 (6.5806e-05)	g: 0.00839 (4.0580e-06 - 1.4582e-04)	s: 0.210	v:     0
07:03:22 [App     ] 	45. f: 0.13598 (6.5755e-05)	g: 0.00830 (4.0115e-06 - 1.4437e-04)	s: 0.206	v:     0
07:03:23 [App     ] Mesh subdivided: 2068/4089 -> 5648/11209 vertices/faces
07:03:23 [App     ] 	 1. f: 0.23196 (4.1070e-05)	g: 0.04206 (7.4467e-06 - 4.4966e-04)	s: 0.500	v:     0
07:03:23 [App     ] 	 2. f: 0.21905 (3.8784e-05)	g: 0.03633 (6.4327e-06 - 3.8893e-04)	s: 0.490	v:     0
07:03:24 [App     ] 	 3. f: 0.20870 (3.6952e-05)	g: 0.03169 (5.6117e-06 - 3.3959e-04)	s: 0.480	v:     0
07:03:24 [App     ] 	 4. f: 0.20046 (3.5492e-05)	g: 0.02787 (4.9342e-06 - 2.9874e-04)	s: 0.471	v:     0
07:03:25 [App     ] 	 5. f: 0.19382 (3.4317e-05)	g: 0.02469 (4.3718e-06 - 2.6487e-04)	s: 0.461	v:     0
07:03:25 [App     ] 	 6. f: 0.18849 (3.3374e-05)	g: 0.02207 (3.9082e-06 - 2.3671e-04)	s: 0.452	v:     0
07:03:26 [App     ] 	 7. f: 0.18421 (3.2615e-05)	g: 0.01988 (3.5205e-06 - 2.1309e-04)	s: 0.443	v:     0
07:03:26 [App     ] 	 8. f: 0.18072 (3.1997e-05)	g: 0.01806 (3.1981e-06 - 1.9328e-04)	s: 0.434	v:     0
07:03:27 [App     ] 	 9. f: 0.17792 (3.1502e-05)	g: 0.01655 (2.9300e-06 - 1.7673e-04)	s: 0.425	v:     0
07:03:27 [App     ] 	10. f: 0.17561 (3.1092e-05)	g: 0.01522 (2.6947e-06 - 1.6227e-04)	s: 0.417	v:     0
07:03:27 [App     ] 	11. f: 0.17376 (3.0764e-05)	g: 0.01411 (2.4985e-06 - 1.5005e-04)	s: 0.409	v:     0
07:03:28 [App     ] 	12. f: 0.17217 (3.0483e-05)	g: 0.01311 (2.3207e-06 - 1.3933e-04)	s: 0.400	v:     0
07:03:28 [App     ] 	13. f: 0.17087 (3.0253e-05)	g: 0.01231 (2.1794e-06 - 1.3036e-04)	s: 0.392	v:     0
07:03:29 [App     ] 	14. f: 0.16985 (3.0073e-05)	g: 0.01163 (2.0599e-06 - 1.2272e-04)	s: 0.385	v:     0
07:03:29 [App     ] 	15. f: 0.16891 (2.9907e-05)	g: 0.01101 (1.9502e-06 - 1.1585e-04)	s: 0.377	v:     0
07:03:30 [App     ] 	16. f: 0.16815 (2.9772e-05)	g: 0.01051 (1.8615e-06 - 1.1012e-04)	s: 0.369	v:     0
07:03:30 [App     ] 	17. f: 0.16749 (2.9654e-05)	g: 0.01005 (1.7787e-06 - 1.0442e-04)	s: 0.362	v:     0
07:03:30 [App     ] 	18. f: 0.16694 (2.9558e-05)	g: 0.00963 (1.7044e-06 - 9.9717e-05)	s: 0.355	v:     0
07:03:31 [App     ] 	19. f: 0.16649 (2.9478e-05)	g: 0.00926 (1.6390e-06 - 9.5560e-05)	s: 0.348	v:     0
07:03:31 [App     ] 	20. f: 0.16608 (2.9405e-05)	g: 0.00897 (1.5873e-06 - 9.2083e-05)	s: 0.341	v:     0
07:03:32 [App     ] 	21. f: 0.16577 (2.9349e-05)	g: 0.00875 (1.5493e-06 - 8.9202e-05)	s: 0.334	v:     0
07:03:32 [App     ] 	22. f: 0.16543 (2.9290e-05)	g: 0.00848 (1.5019e-06 - 8.6253e-05)	s: 0.327	v:     0
07:03:32 [App     ] Mesh refinement completed: 5648 vertices, 11209 faces (15s468ms)
07:03:32 [App     ] Scene saved (8ms):
	51 images (51 calibrated)
	0 points, 5648 vertices, 11209 faces
07:03:32 [App     ] Mesh saved: 5648 vertices, 11209 faces (1ms)
07:03:32 [App     ] MEMORYINFO: {
07:03:32 [App     ] 	VmPeak:	 3145020 kB
07:03:32 [App     ] 	VmSize:	 2188368 kB
07:03:32 [App     ] } ENDINFO
